[ 2025-10-10 17:15:01,808 ] 97 werkzeug - INFO - [31m[1mWARNING: This is a development server. Do not use it in a production deployment. Use a production WSGI server instead.[0m
 * Running on http://127.0.0.1:5000
[ 2025-10-10 17:15:01,808 ] 97 werkzeug - INFO - [33mPress CTRL+C to quit[0m
[ 2025-10-10 17:15:07,043 ] 97 werkzeug - INFO - 127.0.0.1 - - [10/Oct/2025 17:15:07] "GET / HTTP/1.1" 200 -
[ 2025-10-10 17:17:26,115 ] 97 werkzeug - INFO - 127.0.0.1 - - [10/Oct/2025 17:17:26] "GET / HTTP/1.1" 200 -
[ 2025-10-10 17:35:00,453 ] 59 root - INFO - value:   Gender Married Dependents Education Self_Employed  ApplicantIncome  CoapplicantIncome  LoanAmount  Loan_Amount_Term  Credit_History Property_Area
0  Female     Yes          1  Graduate           Yes         500000.0                0.0      1000.0              90.0             0.0         Rural
[ 2025-10-10 17:35:01,010 ] 30 root - INFO - prprocessor,ColumnTransformer(transformers=[('num_pipeline',
                                 Pipeline(steps=[('imputer', SimpleImputer()),
                                                 ('scaler', StandardScaler())]),
                                 ['Dependents', 'ApplicantIncome',
                                  'CoapplicantIncome', 'LoanAmount',
                                  'Loan_Amount_Term', 'Credit_History']),
                                ('cat_pipeline',
                                 Pipeline(steps=[('imputer',
                                                  SimpleImputer(strategy='most_frequent')),
                                                 ('one_hot_encoder',
                                                  OneHotEncoder(handle_unknown='ignore')),
                                                 ('scaler',
                                                  StandardScaler(with_mean=False))]),
                                 ['Gender', 'Married', 'Education',
                                  'Self_Employed', 'Property_Area'])])
[ 2025-10-10 17:35:01,068 ] 32 root - INFO - data_scaled,[[ 0.28816322 74.91646918 -0.73981956 10.19380407 -3.82732381 -2.46478224
   2.69538884  0.          0.          2.09388951  2.43379786  0.
   0.          2.609873    2.18451121  0.          0.        ]]
[ 2025-10-10 17:35:01,074 ] 34 root - INFO - preds.['Y']
[ 2025-10-10 17:35:01,074 ] 63 root - INFO - value:['Y']
[ 2025-10-10 17:35:01,078 ] 97 werkzeug - INFO - 127.0.0.1 - - [10/Oct/2025 17:35:01] "POST / HTTP/1.1" 200 -
