[ 2025-10-10 17:06:34,659 ] 97 werkzeug - INFO - [31m[1mWARNING: This is a development server. Do not use it in a production deployment. Use a production WSGI server instead.[0m
 * Running on http://127.0.0.1:5000
[ 2025-10-10 17:06:34,659 ] 97 werkzeug - INFO - [33mPress CTRL+C to quit[0m
[ 2025-10-10 17:07:20,185 ] 97 werkzeug - INFO - 127.0.0.1 - - [10/Oct/2025 17:07:20] "GET / HTTP/1.1" 200 -
[ 2025-10-10 17:07:22,227 ] 97 werkzeug - INFO - 127.0.0.1 - - [10/Oct/2025 17:07:22] "[33mGET /favicon.ico HTTP/1.1[0m" 404 -
[ 2025-10-10 17:07:56,967 ] 59 root - INFO - value:  Gender Married Dependents Education Self_Employed  ApplicantIncome  CoapplicantIncome  LoanAmount  Loan_Amount_Term  Credit_History Property_Area
0   Male     Yes          1  Graduate            No          20000.0                0.0       100.0             180.0             1.0     Semiurban
[ 2025-10-10 17:07:57,478 ] 30 root - INFO - prprocessor,ColumnTransformer(transformers=[('num_pipeline',
                                 Pipeline(steps=[('imputer', SimpleImputer()),
                                                 ('scaler', StandardScaler())]),
                                 ['Dependents', 'ApplicantIncome',
                                  'CoapplicantIncome', 'LoanAmount',
                                  'Loan_Amount_Term', 'Credit_History']),
                                ('cat_pipeline',
                                 Pipeline(steps=[('imputer',
                                                  SimpleImputer(strategy='most_frequent')),
                                                 ('one_hot_encoder',
                                                  OneHotEncoder(handle_unknown='ignore')),
                                                 ('scaler',
                                                  StandardScaler(with_mean=False))]),
                                 ['Gender', 'Married', 'Education',
                                  'Self_Employed', 'Property_Area'])])
[ 2025-10-10 17:07:57,515 ] 32 root - INFO - data_scaled,[[ 0.28816322  2.2080868  -0.73981956 -0.52204362 -2.44967563  0.44013969
   0.          2.69538884  0.          2.09388951  2.43379786  0.
   2.609873    0.          0.          2.06330633  0.        ]]
[ 2025-10-10 17:07:57,520 ] 34 root - INFO - preds.['Y']
[ 2025-10-10 17:07:57,521 ] 63 root - INFO - value:['Y']
[ 2025-10-10 17:07:57,523 ] 97 werkzeug - INFO - 127.0.0.1 - - [10/Oct/2025 17:07:57] "POST / HTTP/1.1" 200 -
